<?xml version="1.0" encoding="UTF-8"?>
<!-- Generated by org.testng.reporters.JUnitReportReporter -->
<testsuite name="testMercuryToursScripts.testRegister" tests="3" time="5.023" ignored="0" failures="0" timestamp="05 May 2020 23:01:08 GMT" skipped="0" hostname="LAPTOP-JUSF2G5B" errors="0">
  <testcase name="validateUrl" time="0.014" classname="testMercuryToursScripts.testRegister"/>
  <testcase name="validateSubmitButtonPresent" time="0.025" classname="testMercuryToursScripts.testRegister"/>
  <testcase name="validateDataEntry" time="4.984" classname="testMercuryToursScripts.testRegister"/>
</testsuite> <!-- testMercuryToursScripts.testRegister -->
