<?xml version="1.0" encoding="UTF-8"?>
<!-- Generated by org.testng.reporters.JUnitReportReporter -->
<testsuite name="testMercuryToursScripts.testSignOn" tests="2" time="6.610" ignored="0" failures="0" timestamp="05 May 2020 23:03:04 GMT" skipped="0" hostname="LAPTOP-JUSF2G5B" errors="0">
  <testcase name="validateSignOnNegative" time="4.238" classname="testMercuryToursScripts.testSignOn"/>
  <testcase name="validateElementPresent" time="2.372" classname="testMercuryToursScripts.testSignOn"/>
</testsuite> <!-- testMercuryToursScripts.testSignOn -->
