<?xml version="1.0" encoding="UTF-8"?>
<!-- Generated by org.testng.reporters.JUnitReportReporter -->
<testsuite name="MercuryToursProject.testMercuryToursMaven.AppTest" tests="1" time="0.065" ignored="0" failures="0" timestamp="05 May 2020 17:15:10 GMT" skipped="0" hostname="LAPTOP-JUSF2G5B" errors="0">
  <testcase name="shouldAnswerWithTrue" time="0.065" classname="MercuryToursProject.testMercuryToursMaven.AppTest"/>
</testsuite> <!-- MercuryToursProject.testMercuryToursMaven.AppTest -->
