<?xml version="1.0" encoding="UTF-8"?>
<!-- Generated by org.testng.reporters.JUnitReportReporter -->
<testsuite name="testMercuryToursScripts.testRegister" tests="6" time="8.147" ignored="0" failures="0" timestamp="06 May 2020 19:38:40 GMT" skipped="0" hostname="LAPTOP-JUSF2G5B" errors="0">
  <testcase name="validateUrl" time="0.009" classname="testMercuryToursScripts.testRegister"/>
  <testcase name="validateDataEntry" time="3.965" classname="testMercuryToursScripts.testRegister"/>
  <testcase name="validateDataEntry" time="4.131" classname="testMercuryToursScripts.testRegister"/>
  <testcase name="validateSubmitButtonPresent" time="0.018" classname="testMercuryToursScripts.testRegister"/>
  <testcase name="validateUrl" time="0.008" classname="testMercuryToursScripts.testRegister"/>
  <testcase name="validateSubmitButtonPresent" time="0.016" classname="testMercuryToursScripts.testRegister"/>
</testsuite> <!-- testMercuryToursScripts.testRegister -->
