<?xml version="1.0" encoding="UTF-8"?>
<!-- Generated by org.testng.reporters.JUnitReportReporter -->
<testsuite name="testMercuryToursScripts.testSignOn" tests="2" time="6.022" ignored="0" failures="0" timestamp="06 May 2020 19:38:40 GMT" skipped="0" hostname="LAPTOP-JUSF2G5B" errors="0">
  <testcase name="validateElementPresent" time="2.231" classname="testMercuryToursScripts.testSignOn"/>
  <testcase name="validateSignOnNegative" time="3.791" classname="testMercuryToursScripts.testSignOn"/>
</testsuite> <!-- testMercuryToursScripts.testSignOn -->
