<?xml version="1.0" encoding="UTF-8"?>
<!-- Generated by org.testng.reporters.JUnitReportReporter -->
<testsuite name="testMercuryToursScripts.testRegister" tests="3" time="4.127" ignored="0" failures="0" timestamp="06 May 2020 17:08:03 GMT" skipped="0" hostname="LAPTOP-JUSF2G5B" errors="0">
  <testcase name="validateUrl" time="0.027" classname="testMercuryToursScripts.testRegister"/>
  <testcase name="validateDataEntry" time="3.989" classname="testMercuryToursScripts.testRegister"/>
  <testcase name="validateSubmitButtonPresent" time="0.111" classname="testMercuryToursScripts.testRegister"/>
</testsuite> <!-- testMercuryToursScripts.testRegister -->
