<?xml version="1.0" encoding="UTF-8"?>
<!-- Generated by org.testng.reporters.JUnitReportReporter -->
<testsuite name="testMercuryToursScripts.testSignOn" tests="2" time="6.397" ignored="0" failures="0" timestamp="06 May 2020 17:08:03 GMT" skipped="0" hostname="LAPTOP-JUSF2G5B" errors="0">
  <testcase name="validateSignOnNegative" time="4.229" classname="testMercuryToursScripts.testSignOn"/>
  <testcase name="validateElementPresent" time="2.168" classname="testMercuryToursScripts.testSignOn"/>
</testsuite> <!-- testMercuryToursScripts.testSignOn -->
